0 info it worked if it ends with ok
1 verbose cli [ '/usr/bin/nodejs',
1 verbose cli   '/usr/bin/npm',
1 verbose cli   'run',
1 verbose cli   'pattern:equilateral' ]
2 info using npm@3.5.2
3 info using node@v4.2.6
4 verbose run-script [ 'prepattern:equilateral',
4 verbose run-script   'pattern:equilateral',
4 verbose run-script   'postpattern:equilateral' ]
5 info lifecycle extra@1.0.0~prepattern:equilateral: extra@1.0.0
6 silly lifecycle extra@1.0.0~prepattern:equilateral: no script for prepattern:equilateral, continuing
7 info lifecycle extra@1.0.0~pattern:equilateral: extra@1.0.0
8 verbose lifecycle extra@1.0.0~pattern:equilateral: unsafe-perm in lifecycle true
9 verbose lifecycle extra@1.0.0~pattern:equilateral: PATH: /usr/share/npm/bin/node-gyp-bin:/home/aryan.singhal/day2/javascript-server/extra/node_modules/.bin:/usr/local/sbin:/usr/local/bin:/usr/sbin:/usr/bin:/sbin:/bin:/usr/games:/usr/local/games:/snap/bin
10 verbose lifecycle extra@1.0.0~pattern:equilateral: CWD: /home/aryan.singhal/day2/javascript-server/extra
11 silly lifecycle extra@1.0.0~pattern:equilateral: Args: [ '-c', 'extra/patterns/equilateral.js' ]
12 info lifecycle extra@1.0.0~pattern:equilateral: Failed to exec pattern:equilateral script
13 verbose stack Error: extra@1.0.0 pattern:equilateral: `extra/patterns/equilateral.js`
13 verbose stack spawn ENOENT
13 verbose stack     at ChildProcess.<anonymous> (/usr/share/npm/lib/utils/spawn.js:17:16)
13 verbose stack     at emitTwo (events.js:87:13)
13 verbose stack     at ChildProcess.emit (events.js:172:7)
13 verbose stack     at maybeClose (internal/child_process.js:821:16)
13 verbose stack     at Process.ChildProcess._handle.onexit (internal/child_process.js:211:5)
14 verbose pkgid extra@1.0.0
15 verbose cwd /home/aryan.singhal/day2/javascript-server/extra/patterns
16 error Linux 4.15.0-45-generic
17 error argv "/usr/bin/nodejs" "/usr/bin/npm" "run" "pattern:equilateral"
18 error node v4.2.6
19 error npm  v3.5.2
20 error file sh
21 error code ELIFECYCLE
22 error errno ENOENT
23 error syscall spawn
24 error extra@1.0.0 pattern:equilateral: `extra/patterns/equilateral.js`
24 error spawn ENOENT
25 error Failed at the extra@1.0.0 pattern:equilateral script 'extra/patterns/equilateral.js'.
25 error Make sure you have the latest version of node.js and npm installed.
25 error If you do, this is most likely a problem with the extra package,
25 error not with npm itself.
25 error Tell the author that this fails on your system:
25 error     extra/patterns/equilateral.js
25 error You can get information on how to open an issue for this project with:
25 error     npm bugs extra
25 error Or if that isn't available, you can get their info via:
25 error     npm owner ls extra
25 error There is likely additional logging output above.
26 verbose exit [ 1, true ]
